
running 1 test
test gadgets::bn254::g1::tests::test_g1p_multiplexer ... FAILED

successes:

successes:

failures:

---- gadgets::bn254::g1::tests::test_g1p_multiplexer stdout ----
[(14158518143139595354634974465710588093654450901636266427105489996980131547129, 7670767261853745647131306846023621860518326793974016591840403744009105489544, 13574034549541300462943384809325770776931495579493687258378843375583187484647), (13469401976103973590579674769963982235621197520938274153905837985026216475736, 7659483279271548463218411516129172257213742448152498761590956475513252902550, 18041425567761069781388596563935270939503762117014286125049870831282354272258), (3925463488981692719076759025206713438521930111997046671930962063405604809987, 10069068718568653214410606660779777924073665376835836965533967190967432053667, 1684715263117861778939709876385859891658272198505392118483708824106696337941), (10633097967252033949677175082168729371449327867170918330038772880764933918328, 6490390428166060661919996393748526290813659853982211141257360188188728941514, 3804069061266836299861476145368638970208139011942152802046774502431573409899)]
-----
[false, true]
-----
-----
true true true
true false false

thread 'gadgets::bn254::g1::tests::test_g1p_multiplexer' panicked at src/gadgets/bn254/g1.rs:775:17:
assertion `left == right` failed
  left: Some(true)
 right: Some(false)
note: run with `RUST_BACKTRACE=1` environment variable to display a backtrace


failures:
    gadgets::bn254::g1::tests::test_g1p_multiplexer

test result: FAILED. 0 passed; 1 failed; 0 ignored; 0 measured; 175 filtered out; finished in 0.00s

